<?xml version="1.0" encoding="UTF-8"?>
<testng-results total="4" passed="4" failed="0" skipped="0">
  <reporter-output>
  </reporter-output>
  <suite started-at="2023-05-14T23:17:06Z" name="test.com.itexps.GradeTest" finished-at="2023-05-14T23:17:06Z" duration-ms="32">
    <groups>
    </groups>
    <test started-at="2023-05-14T23:17:06Z" name="Command line test" finished-at="2023-05-14T23:17:06Z" duration-ms="32">
      <class name="test.com.itexps.GradeTest">
        <test-method is-config="true" signature="setUpClass()[pri:0, instance:test.com.itexps.GradeTest@68c9133c]" started-at="2023-05-14T18:17:06Z" name="setUpClass" finished-at="2023-05-14T18:17:06Z" duration-ms="11" status="PASS">
          <reporter-output>
          </reporter-output>
        </test-method> <!-- setUpClass -->
        <test-method is-config="true" signature="setUpMethod()[pri:0, instance:test.com.itexps.GradeTest@68c9133c]" started-at="2023-05-14T18:17:06Z" name="setUpMethod" finished-at="2023-05-14T18:17:06Z" duration-ms="5" status="PASS">
          <reporter-output>
          </reporter-output>
        </test-method> <!-- setUpMethod -->
        <test-method signature="testEnglish()[pri:0, instance:test.com.itexps.GradeTest@68c9133c]" started-at="2023-05-14T18:17:06Z" name="testEnglish" finished-at="2023-05-14T18:17:06Z" duration-ms="3" status="PASS">
          <reporter-output>
          </reporter-output>
        </test-method> <!-- testEnglish -->
        <test-method is-config="true" signature="tearDownMethod()[pri:0, instance:test.com.itexps.GradeTest@68c9133c]" started-at="2023-05-14T18:17:06Z" name="tearDownMethod" finished-at="2023-05-14T18:17:06Z" duration-ms="1" status="PASS">
          <reporter-output>
          </reporter-output>
        </test-method> <!-- tearDownMethod -->
        <test-method is-config="true" signature="setUpMethod()[pri:0, instance:test.com.itexps.GradeTest@68c9133c]" started-at="2023-05-14T18:17:06Z" name="setUpMethod" finished-at="2023-05-14T18:17:06Z" duration-ms="0" status="PASS">
          <reporter-output>
          </reporter-output>
        </test-method> <!-- setUpMethod -->
        <test-method signature="testGrade()[pri:0, instance:test.com.itexps.GradeTest@68c9133c]" started-at="2023-05-14T18:17:06Z" name="testGrade" finished-at="2023-05-14T18:17:06Z" duration-ms="0" status="PASS">
          <reporter-output>
          </reporter-output>
        </test-method> <!-- testGrade -->
        <test-method is-config="true" signature="tearDownMethod()[pri:0, instance:test.com.itexps.GradeTest@68c9133c]" started-at="2023-05-14T18:17:06Z" name="tearDownMethod" finished-at="2023-05-14T18:17:06Z" duration-ms="0" status="PASS">
          <reporter-output>
          </reporter-output>
        </test-method> <!-- tearDownMethod -->
        <test-method is-config="true" signature="setUpMethod()[pri:0, instance:test.com.itexps.GradeTest@68c9133c]" started-at="2023-05-14T18:17:06Z" name="setUpMethod" finished-at="2023-05-14T18:17:06Z" duration-ms="0" status="PASS">
          <reporter-output>
          </reporter-output>
        </test-method> <!-- setUpMethod -->
        <test-method is-config="true" signature="setUpMethod()[pri:0, instance:test.com.itexps.GradeTest@68c9133c]" started-at="2023-05-14T18:17:06Z" name="setUpMethod" finished-at="2023-05-14T18:17:06Z" duration-ms="0" status="PASS">
          <reporter-output>
          </reporter-output>
        </test-method> <!-- setUpMethod -->
        <test-method is-config="true" signature="tearDownMethod()[pri:0, instance:test.com.itexps.GradeTest@68c9133c]" started-at="2023-05-14T18:17:06Z" name="tearDownMethod" finished-at="2023-05-14T18:17:06Z" duration-ms="0" status="PASS">
          <reporter-output>
          </reporter-output>
        </test-method> <!-- tearDownMethod -->
        <test-method signature="testTotal()[pri:0, instance:test.com.itexps.GradeTest@68c9133c]" started-at="2023-05-14T18:17:06Z" name="testTotal" finished-at="2023-05-14T18:17:06Z" duration-ms="0" status="PASS">
          <reporter-output>
          </reporter-output>
        </test-method> <!-- testTotal -->
        <test-method is-config="true" signature="tearDownMethod()[pri:0, instance:test.com.itexps.GradeTest@68c9133c]" started-at="2023-05-14T18:17:06Z" name="tearDownMethod" finished-at="2023-05-14T18:17:06Z" duration-ms="0" status="PASS">
          <reporter-output>
          </reporter-output>
        </test-method> <!-- tearDownMethod -->
        <test-method is-config="true" signature="tearDownClass()[pri:0, instance:test.com.itexps.GradeTest@68c9133c]" started-at="2023-05-14T18:17:06Z" name="tearDownClass" finished-at="2023-05-14T18:17:06Z" duration-ms="0" status="PASS">
          <reporter-output>
          </reporter-output>
        </test-method> <!-- tearDownClass -->
        <test-method signature="testMath()[pri:0, instance:test.com.itexps.GradeTest@68c9133c]" started-at="2023-05-14T18:17:06Z" name="testMath" finished-at="2023-05-14T18:17:06Z" duration-ms="0" status="PASS">
          <reporter-output>
          </reporter-output>
        </test-method> <!-- testMath -->
      </class> <!-- test.com.itexps.GradeTest -->
    </test> <!-- Command line test -->
  </suite> <!-- test.com.itexps.GradeTest -->
</testng-results>
